<?xml version="1.0"?>
<testResults>
  <FitNesseVersion>v20100303</FitNesseVersion>
  <rootPath>CardTypes</rootPath>
    <result>
    <counts>
      <right>0</right>
      <wrong>0</wrong>
      <ignores>0</ignores>
      <exceptions>12</exceptions>
    </counts>
    <content><![CDATA[<br/><div class="setup">
	<div style="float: right;" class="meta"><a href="javascript:expandAll();">Expand All</a> | <a href="javascript:collapseAll();">Collapse All</a></div>
	<a href="javascript:toggleCollapsable('3628241077416607502');">
		<img src="/files/images/collapsableClosed.gif" class="left" id="img3628241077416607502"/>
	</a>
&nbsp;<span class="meta">Set Up: <a href="SmartpayApplication.StoryTests.SetUp">.SmartpayApplication.StoryTests.SetUp</a> <a href="SmartpayApplication.StoryTests.SetUp?edit&amp;redirectToReferer=true&amp;redirectAction=">(edit)</a></span>
	<div class="hidden" id="3628241077416607502"><table border="1" cellspacing="0">
<tr><td>Import</td>
</tr>
<tr><td>Smartpay.FitFixtures</td>
</tr>
</table>
</div>
</div>
Specifications for Payment Card Types<br/><table border="1" cellspacing="0">
<tr><td>Card Types</td>
</tr>
</table>
<br/><table border="1" cellspacing="0">
<tr><td class="error">Start Smartpay<hr /><pre><div class="fit_stacktrace">System.ApplicationException: Type 'startsmartpay' could not be found in assemblies.
Name entered: 'Start Smartpay'
Assemblies searched:    file:///C:/Users/David/Documents/Testify/Smartpay/build/Debug/Smartpay.FitFixtures/eg.dll
    file:///C:/Users/David/Documents/Testify/Smartpay/build/Debug/Smartpay.FitFixtures/FitLibrary.dll
    file:///C:/Users/David/Documents/Testify/Smartpay/build/Debug/Smartpay.FitFixtures/Smartpay.Core.dll
    file:///C:/Users/David/Documents/Testify/Smartpay/build/Debug/Smartpay.FitFixtures/Smartpay.FitFixtures.dll
    file:///C:/Users/David/Documents/Testify/Smartpay/FitNesse/dotnet2/dbfit.DLL
    file:///C:/Users/David/Documents/Testify/Smartpay/FitNesse/dotnet2/eg.DLL
    file:///C:/Users/David/Documents/Testify/Smartpay/FitNesse/dotnet2/FitLibrary.DLL
    file:///C:/Users/David/Documents/Testify/Smartpay/FitNesse/dotnet2/ThoughtWorks.Selenium.Core.DLL
    file:///C:/Users/David/Documents/Testify/Smartpay/FitNesse/dotnet2/webfixture.DLL
    file:///C:/Windows/Microsoft.NET/Framework64/v2.0.50727/mscorlib.dll
    file:///C:/Users/David/Documents/Testify/Smartpay/FitNesse/dotnet2/FitServer.exe
    file:///C:/Users/David/Documents/Testify/Smartpay/FitNesse/dotnet2/fit.DLL
    file:///C:/Windows/assembly/GAC_MSIL/System/2.0.0.0__b77a5c561934e089/System.dll
    file:///C:/Windows/assembly/GAC_MSIL/System.Configuration/2.0.0.0__b03f5f7f11d50a3a/System.Configuration.dll
    file:///C:/Windows/assembly/GAC_MSIL/System.Xml/2.0.0.0__b77a5c561934e089/System.Xml.dll
    file:///C:/Windows/assembly/GAC_64/System.Web/2.0.0.0__b03f5f7f11d50a3a/System.Web.dll
    file:///C:/Windows/assembly/GAC_MSIL/System.Drawing/2.0.0.0__b03f5f7f11d50a3a/System.Drawing.dll
Load errors: Could not load file or assembly 'file:///C:\Users\David\Documents\Testify\Smartpay\FitNesse\fitnesse.jar' or one of its dependencies. The module was expected to contain an assembly manifest., Could not load file or assembly 'file:///C:\Users\David\Documents\Testify\Smartpay\FitNesse\fitlibrary.jar' or one of its dependencies. The module was expected to contain an assembly manifest.
   at fit.Assemblies.FindType(TypeName theName)
   at fit.TypeName.CreateInstance()
   at fit.Fixture.LoadFixture(String theClassName)
   at fit.Fixture.DoTables(Parse theTables)</div></pre></td>
</tr>
</table>
<br/><h2>Cards and Surcharges</h2>The list of card types and their valid PAN lengths are:<br/><br/><table border="1" cellspacing="0">
<tr><td class="error" colspan="3">Supported Card Types<hr /><pre><div class="fit_stacktrace">System.ApplicationException: Type 'supportedcardtypes' could not be found in assemblies.
Name entered: 'Supported Card Types'
Assemblies searched:    file:///C:/Users/David/Documents/Testify/Smartpay/build/Debug/Smartpay.FitFixtures/eg.dll
    file:///C:/Users/David/Documents/Testify/Smartpay/build/Debug/Smartpay.FitFixtures/FitLibrary.dll
    file:///C:/Users/David/Documents/Testify/Smartpay/build/Debug/Smartpay.FitFixtures/Smartpay.Core.dll
    file:///C:/Users/David/Documents/Testify/Smartpay/build/Debug/Smartpay.FitFixtures/Smartpay.FitFixtures.dll
    file:///C:/Users/David/Documents/Testify/Smartpay/FitNesse/dotnet2/dbfit.DLL
    file:///C:/Users/David/Documents/Testify/Smartpay/FitNesse/dotnet2/eg.DLL
    file:///C:/Users/David/Documents/Testify/Smartpay/FitNesse/dotnet2/FitLibrary.DLL
    file:///C:/Users/David/Documents/Testify/Smartpay/FitNesse/dotnet2/ThoughtWorks.Selenium.Core.DLL
    file:///C:/Users/David/Documents/Testify/Smartpay/FitNesse/dotnet2/webfixture.DLL
    file:///C:/Windows/Microsoft.NET/Framework64/v2.0.50727/mscorlib.dll
    file:///C:/Users/David/Documents/Testify/Smartpay/FitNesse/dotnet2/FitServer.exe
    file:///C:/Users/David/Documents/Testify/Smartpay/FitNesse/dotnet2/fit.DLL
    file:///C:/Windows/assembly/GAC_MSIL/System/2.0.0.0__b77a5c561934e089/System.dll
    file:///C:/Windows/assembly/GAC_MSIL/System.Configuration/2.0.0.0__b03f5f7f11d50a3a/System.Configuration.dll
    file:///C:/Windows/assembly/GAC_MSIL/System.Xml/2.0.0.0__b77a5c561934e089/System.Xml.dll
    file:///C:/Windows/assembly/GAC_64/System.Web/2.0.0.0__b03f5f7f11d50a3a/System.Web.dll
    file:///C:/Windows/assembly/GAC_MSIL/System.Drawing/2.0.0.0__b03f5f7f11d50a3a/System.Drawing.dll
Load errors: Could not load file or assembly 'file:///C:\Users\David\Documents\Testify\Smartpay\FitNesse\fitnesse.jar' or one of its dependencies. The module was expected to contain an assembly manifest., Could not load file or assembly 'file:///C:\Users\David\Documents\Testify\Smartpay\FitNesse\fitlibrary.jar' or one of its dependencies. The module was expected to contain an assembly manifest.
   at fit.Assemblies.FindType(TypeName theName)
   at fit.TypeName.CreateInstance()
   at fit.Fixture.LoadFixture(String theClassName)
   at fit.Fixture.DoTables(Parse theTables)</div></pre></td>
</tr>
<tr><td>Name</td>
<td>Valid Pan Lengths</td>
<td>Valid Cvv Length</td>
</tr>
<tr><td>Visa</td>
<td>13, 16</td>
<td>3</td>
</tr>
<tr><td>Visa Debit</td>
<td>16</td>
<td>3</td>
</tr>
<tr><td>Visa Electron</td>
<td>16</td>
<td>3</td>
</tr>
<tr><td>MasterCard</td>
<td>16</td>
<td>3</td>
</tr>
<tr><td>Maestro</td>
<td>12, 19</td>
<td>3</td>
</tr>
<tr><td>American Express</td>
<td>15</td>
<td>4</td>
</tr>
<tr><td>JCB</td>
<td>16</td>
<td>3</td>
</tr>
<tr><td>Diners Club</td>
<td>14</td>
<td>3</td>
</tr>
</table>
<br/>By default, all card types have a zero surcharge for all clients.<br/>We can set the surcharges for certain cards for test purposes, and then query the list of cards and surcharges.<br/>For Example:<br/>When we assign the following surcharges:<br/><br/><table border="1" cellspacing="0">
<tr><td class="error" colspan="2">Setup Card Type Surcharges<hr /><pre><div class="fit_stacktrace">System.MissingMethodException: Constructor on type 'Smartpay.FitFixtures.SetupCardTypeSurchargesFixture' not found.
   at System.RuntimeType.CreateInstanceImpl(BindingFlags bindingAttr, Binder binder, Object[] args, CultureInfo culture, Object[] activationAttributes)
   at fit.TypeName.CreateInstance()
   at fit.Fixture.LoadFixture(String theClassName)
   at fit.Fixture.DoTables(Parse theTables)</div></pre></td>
</tr>
<tr><td>Name</td>
<td>Surcharge</td>
</tr>
<tr><td>Visa</td>
<td>0.50</td>
</tr>
<tr><td>MasterCard</td>
<td>1.00</td>
</tr>
<tr><td>Diners Club</td>
<td>0.90</td>
</tr>
</table>
<br/>Then Expect the Cards list to be as follows:<br/><br/><table border="1" cellspacing="0">
<tr><td colspan="2">Card Types</td>
</tr>
<tr><td class="error">Name<hr /><pre><div class="fit_stacktrace">System.Reflection.TargetInvocationException: Exception has been thrown by the target of an invocation. ---> fitlibrary.exception.TableStructureException: This table is invalid for DoFixture: missing cells for name.
   at fitlibrary.FlowFixtureBase.Name(Parse theCells)
   --- End of inner exception stack trace ---
   at System.RuntimeMethodHandle._InvokeMethodFast(Object target, Object[] arguments, SignatureStruct& sig, MethodAttributes methodAttributes, RuntimeTypeHandle typeOwner)
   at System.Reflection.RuntimeMethodInfo.Invoke(Object obj, BindingFlags invokeAttr, Binder binder, Object[] parameters, CultureInfo culture, Boolean skipVisibilityChecks)
   at System.Reflection.RuntimeMethodInfo.Invoke(Object obj, BindingFlags invokeAttr, Binder binder, Object[] parameters, CultureInfo culture)
   at System.RuntimeType.InvokeMember(String name, BindingFlags bindingFlags, Binder binder, Object target, Object[] providedArgs, ParameterModifier[] modifiers, CultureInfo culture, String[] namedParams)
   at fitlibrary.Method.Invoke(Object[] theParameters)
   at fitlibrary.FlowFixtureBase.ProcessFlowRow(Parse theCurrentRow)</div></pre></td>
<td>Surcharge</td>
</tr>
<tr><td class="error">Visa<hr /><pre><div class="fit_stacktrace">fitlibrary.exception.InvalidMethodException: Missing method 'visa' with 1 argument(s).
   at fitlibrary.Method.FindFirst(Object theTarget, IdentifierName theIdentifierName, Int32 theParameterCount)
   at fitlibrary.FlowFixtureBase.FindRowMethod(Parse theRow)
   at fitlibrary.FlowFixtureBase.ProcessFlowRow(Parse theCurrentRow)</div></pre></td>
<td>0.50</td>
</tr>
<tr><td class="error">Visa Debit<hr /><pre><div class="fit_stacktrace">fitlibrary.exception.InvalidMethodException: Missing method 'visadebit' with 1 argument(s).
   at fitlibrary.Method.FindFirst(Object theTarget, IdentifierName theIdentifierName, Int32 theParameterCount)
   at fitlibrary.FlowFixtureBase.FindRowMethod(Parse theRow)
   at fitlibrary.FlowFixtureBase.ProcessFlowRow(Parse theCurrentRow)</div></pre></td>
<td>0.00</td>
</tr>
<tr><td class="error">Visa Electron<hr /><pre><div class="fit_stacktrace">fitlibrary.exception.InvalidMethodException: Missing method 'visaelectron' with 1 argument(s).
   at fitlibrary.Method.FindFirst(Object theTarget, IdentifierName theIdentifierName, Int32 theParameterCount)
   at fitlibrary.FlowFixtureBase.FindRowMethod(Parse theRow)
   at fitlibrary.FlowFixtureBase.ProcessFlowRow(Parse theCurrentRow)</div></pre></td>
<td>0.00</td>
</tr>
<tr><td class="error">MasterCard<hr /><pre><div class="fit_stacktrace">fitlibrary.exception.InvalidMethodException: Missing method 'mastercard' with 1 argument(s).
   at fitlibrary.Method.FindFirst(Object theTarget, IdentifierName theIdentifierName, Int32 theParameterCount)
   at fitlibrary.FlowFixtureBase.FindRowMethod(Parse theRow)
   at fitlibrary.FlowFixtureBase.ProcessFlowRow(Parse theCurrentRow)</div></pre></td>
<td>1.00</td>
</tr>
<tr><td class="error">Maestro<hr /><pre><div class="fit_stacktrace">fitlibrary.exception.InvalidMethodException: Missing method 'maestro' with 1 argument(s).
   at fitlibrary.Method.FindFirst(Object theTarget, IdentifierName theIdentifierName, Int32 theParameterCount)
   at fitlibrary.FlowFixtureBase.FindRowMethod(Parse theRow)
   at fitlibrary.FlowFixtureBase.ProcessFlowRow(Parse theCurrentRow)</div></pre></td>
<td>0.00</td>
</tr>
<tr><td class="error">American Express<hr /><pre><div class="fit_stacktrace">fitlibrary.exception.InvalidMethodException: Missing method 'americanexpress' with 1 argument(s).
   at fitlibrary.Method.FindFirst(Object theTarget, IdentifierName theIdentifierName, Int32 theParameterCount)
   at fitlibrary.FlowFixtureBase.FindRowMethod(Parse theRow)
   at fitlibrary.FlowFixtureBase.ProcessFlowRow(Parse theCurrentRow)</div></pre></td>
<td>0.00</td>
</tr>
<tr><td class="error">JCB<hr /><pre><div class="fit_stacktrace">fitlibrary.exception.InvalidMethodException: Missing method 'jcb' with 1 argument(s).
   at fitlibrary.Method.FindFirst(Object theTarget, IdentifierName theIdentifierName, Int32 theParameterCount)
   at fitlibrary.FlowFixtureBase.FindRowMethod(Parse theRow)
   at fitlibrary.FlowFixtureBase.ProcessFlowRow(Parse theCurrentRow)</div></pre></td>
<td>0.00</td>
</tr>
<tr><td class="error">Diners Club<hr /><pre><div class="fit_stacktrace">fitlibrary.exception.InvalidMethodException: Missing method 'dinersclub' with 1 argument(s).
   at fitlibrary.Method.FindFirst(Object theTarget, IdentifierName theIdentifierName, Int32 theParameterCount)
   at fitlibrary.FlowFixtureBase.FindRowMethod(Parse theRow)
   at fitlibrary.FlowFixtureBase.ProcessFlowRow(Parse theCurrentRow)</div></pre></td>
<td>0.90</td>
</tr>
</table>
]]></content>
    <relativePageName>CardTypes</relativePageName>
    
    
    
  </result>
  
  
  <finalCounts>
    <right>0</right>
    <wrong>0</wrong>
    <ignores>0</ignores>
    <exceptions>0</exceptions>
  </finalCounts>
  
</testResults>

